2025-04-05 23:13:33,750 [Worker-8: Loading available Gradle versions] INFO  o.e.b.c.i.u.g.PublishedGradleVersions - Gradle version information cache is not available. Remote download required.
2025-04-05 23:14:15,597 [Worker-4: Building] INFO  o.e.m.c.i.l.LifecycleMappingFactory - Using org.eclipse.m2e.jdt.JarLifecycleMapping lifecycle mapping for MavenProject: com.synex:SpringBoot2:0.0.1-SNAPSHOT @ /Users/joel_arias/Desktop/SynergesticIT/Training/Second/SpringBoot/SpringBoot/Assigments/Assesment1Student/pom.xml.
2025-04-05 23:14:19,927 [Worker-4: Building] INFO  o.a.m.s.f.DefaultMavenResourcesFiltering - Copying 1 resource from src/main/resources to target/classes
2025-04-05 23:14:19,990 [Worker-4: Building] INFO  o.a.m.s.f.DefaultMavenResourcesFiltering - Copying 1 resource from src/main/resources to target/classes
2025-04-05 23:14:20,163 [Worker-4: Building] INFO  o.a.m.s.f.DefaultMavenResourcesFiltering - skip non existing resourceDirectory /Users/joel_arias/Desktop/SynergesticIT/Training/Second/SpringBoot/SpringBoot/Assigments/Assesment1Student/src/test/resources
2025-04-05 23:14:22,072 [Worker-9: Building] INFO  o.a.m.s.f.DefaultMavenResourcesFiltering - Copying 1 resource from src/main/resources to target/classes
2025-04-05 23:14:22,081 [Worker-9: Building] INFO  o.a.m.s.f.DefaultMavenResourcesFiltering - Copying 1 resource from src/main/resources to target/classes
2025-04-05 23:14:22,089 [Worker-9: Building] INFO  o.a.m.s.f.DefaultMavenResourcesFiltering - skip non existing resourceDirectory /Users/joel_arias/Desktop/SynergesticIT/Training/Second/SpringBoot/SpringBoot/Assigments/Assesment1Student/src/test/resources
2025-04-05 23:14:29,236 [Worker-10: Building] INFO  o.e.m.c.i.l.LifecycleMappingFactory - Using org.eclipse.m2e.jdt.JarLifecycleMapping lifecycle mapping for MavenProject: com.hotel:HotelAPI:0.0.1-SNAPSHOT @ /Users/joel_arias/Desktop/SynergesticIT/Training/Second/SpringBoot/SpringBoot/Assigments/HotelMicroservice/pom.xml.
2025-04-05 23:14:30,161 [Worker-10: Building] INFO  o.a.m.s.f.DefaultMavenResourcesFiltering - Copying 1 resource from src/main/resources to target/classes
2025-04-05 23:14:30,180 [Worker-10: Building] INFO  o.a.m.s.f.DefaultMavenResourcesFiltering - Copying 0 resource from src/main/resources to target/classes
2025-04-05 23:14:30,186 [Worker-10: Building] INFO  o.a.m.s.f.DefaultMavenResourcesFiltering - skip non existing resourceDirectory /Users/joel_arias/Desktop/SynergesticIT/Training/Second/SpringBoot/SpringBoot/Assigments/HotelMicroservice/src/test/resources
2025-04-05 23:14:30,891 [Worker-5: Building] INFO  o.a.m.s.f.DefaultMavenResourcesFiltering - Copying 1 resource from src/main/resources to target/classes
2025-04-05 23:14:30,896 [Worker-5: Building] INFO  o.a.m.s.f.DefaultMavenResourcesFiltering - Copying 0 resource from src/main/resources to target/classes
2025-04-05 23:14:30,899 [Worker-5: Building] INFO  o.a.m.s.f.DefaultMavenResourcesFiltering - skip non existing resourceDirectory /Users/joel_arias/Desktop/SynergesticIT/Training/Second/SpringBoot/SpringBoot/Assigments/HotelMicroservice/src/test/resources
2025-04-05 23:14:49,995 [Worker-3: Building] INFO  o.e.m.c.i.l.LifecycleMappingFactory - Using org.eclipse.m2e.jdt.JarLifecycleMapping lifecycle mapping for MavenProject: com.synex:SpringBoot2:0.0.1-SNAPSHOT @ /Users/joel_arias/Desktop/SynergesticIT/Training/Second/SpringBoot/SpringBoot/Assigments/TravelGig/pom.xml.
2025-04-05 23:14:52,013 [Worker-3: Building] INFO  o.a.m.s.f.DefaultMavenResourcesFiltering - Copying 1 resource from src/main/resources to target/classes
2025-04-05 23:14:52,042 [Worker-3: Building] INFO  o.a.m.s.f.DefaultMavenResourcesFiltering - Copying 1 resource from src/main/resources to target/classes
2025-04-05 23:14:52,081 [Worker-3: Building] INFO  o.a.m.s.f.DefaultMavenResourcesFiltering - skip non existing resourceDirectory /Users/joel_arias/Desktop/SynergesticIT/Training/Second/SpringBoot/SpringBoot/Assigments/TravelGig/src/test/resources
2025-04-05 23:14:53,792 [Worker-11: Building] INFO  o.a.m.s.f.DefaultMavenResourcesFiltering - Copying 1 resource from src/main/resources to target/classes
2025-04-05 23:14:53,795 [Worker-11: Building] INFO  o.a.m.s.f.DefaultMavenResourcesFiltering - Copying 1 resource from src/main/resources to target/classes
2025-04-05 23:14:53,801 [Worker-11: Building] INFO  o.a.m.s.f.DefaultMavenResourcesFiltering - skip non existing resourceDirectory /Users/joel_arias/Desktop/SynergesticIT/Training/Second/SpringBoot/SpringBoot/Assigments/TravelGig/src/test/resources
2025-04-05 23:15:17,070 [Worker-2: Building] INFO  o.a.m.s.f.DefaultMavenResourcesFiltering - Copying 1 resource from src/main/resources to target/classes
2025-04-05 23:15:17,102 [Worker-2: Building] INFO  o.a.m.s.f.DefaultMavenResourcesFiltering - Copying 0 resource from src/main/resources to target/classes
2025-04-05 23:15:17,123 [Worker-2: Building] INFO  o.a.m.s.f.DefaultMavenResourcesFiltering - skip non existing resourceDirectory /Users/joel_arias/Desktop/SynergesticIT/Training/Second/SpringBoot/SpringBoot/Assigments/Assesment1Student/src/test/resources
2025-04-05 23:15:38,240 [Worker-6: Building] INFO  o.a.m.s.f.DefaultMavenResourcesFiltering - Copying 0 resource from src/main/resources to target/classes
2025-04-05 23:15:38,242 [Worker-6: Building] INFO  o.a.m.s.f.DefaultMavenResourcesFiltering - Copying 0 resource from src/main/resources to target/classes
2025-04-05 23:15:38,250 [Worker-6: Building] INFO  o.a.m.s.f.DefaultMavenResourcesFiltering - skip non existing resourceDirectory /Users/joel_arias/Desktop/SynergesticIT/Training/Second/SpringBoot/SpringBoot/Assigments/Assesment1Student/src/test/resources
2025-04-05 23:15:57,056 [Worker-7: Building] INFO  o.a.m.s.f.DefaultMavenResourcesFiltering - Copying 0 resource from src/main/resources to target/classes
2025-04-05 23:15:57,061 [Worker-7: Building] INFO  o.a.m.s.f.DefaultMavenResourcesFiltering - Copying 0 resource from src/main/resources to target/classes
2025-04-05 23:15:57,064 [Worker-7: Building] INFO  o.a.m.s.f.DefaultMavenResourcesFiltering - skip non existing resourceDirectory /Users/joel_arias/Desktop/SynergesticIT/Training/Second/SpringBoot/SpringBoot/Assigments/Assesment1Student/src/test/resources
2025-04-05 23:15:57,292 [Worker-14: Building] INFO  o.a.m.s.f.DefaultMavenResourcesFiltering - Copying 0 resource from src/main/resources to target/classes
2025-04-05 23:15:57,293 [Worker-14: Building] INFO  o.a.m.s.f.DefaultMavenResourcesFiltering - Copying 0 resource from src/main/resources to target/classes
2025-04-05 23:15:57,297 [Worker-14: Building] INFO  o.a.m.s.f.DefaultMavenResourcesFiltering - skip non existing resourceDirectory /Users/joel_arias/Desktop/SynergesticIT/Training/Second/SpringBoot/SpringBoot/Assigments/Assesment1Student/src/test/resources
2025-04-05 23:15:58,474 [Worker-10: Building] INFO  o.a.m.s.f.DefaultMavenResourcesFiltering - Copying 0 resource from src/main/resources to target/classes
2025-04-05 23:15:58,475 [Worker-10: Building] INFO  o.a.m.s.f.DefaultMavenResourcesFiltering - Copying 0 resource from src/main/resources to target/classes
2025-04-05 23:15:58,480 [Worker-10: Building] INFO  o.a.m.s.f.DefaultMavenResourcesFiltering - skip non existing resourceDirectory /Users/joel_arias/Desktop/SynergesticIT/Training/Second/SpringBoot/SpringBoot/Assigments/Assesment1Student/src/test/resources
2025-04-05 23:16:02,718 [Worker-1: Building] INFO  o.a.m.s.f.DefaultMavenResourcesFiltering - Copying 0 resource from src/main/resources to target/classes
2025-04-05 23:16:02,718 [Worker-1: Building] INFO  o.a.m.s.f.DefaultMavenResourcesFiltering - Copying 0 resource from src/main/resources to target/classes
2025-04-05 23:16:02,721 [Worker-1: Building] INFO  o.a.m.s.f.DefaultMavenResourcesFiltering - skip non existing resourceDirectory /Users/joel_arias/Desktop/SynergesticIT/Training/Second/SpringBoot/SpringBoot/Assigments/HotelMicroservice/src/test/resources
2025-04-05 23:16:17,233 [Worker-12: Building] INFO  o.a.m.s.f.DefaultMavenResourcesFiltering - Copying 0 resource from src/main/resources to target/classes
2025-04-05 23:16:17,234 [Worker-12: Building] INFO  o.a.m.s.f.DefaultMavenResourcesFiltering - Copying 0 resource from src/main/resources to target/classes
2025-04-05 23:16:17,236 [Worker-12: Building] INFO  o.a.m.s.f.DefaultMavenResourcesFiltering - skip non existing resourceDirectory /Users/joel_arias/Desktop/SynergesticIT/Training/Second/SpringBoot/SpringBoot/Assigments/HotelMicroservice/src/test/resources
2025-04-05 23:16:17,440 [Worker-8: Building] INFO  o.a.m.s.f.DefaultMavenResourcesFiltering - Copying 0 resource from src/main/resources to target/classes
2025-04-05 23:16:17,441 [Worker-8: Building] INFO  o.a.m.s.f.DefaultMavenResourcesFiltering - Copying 0 resource from src/main/resources to target/classes
2025-04-05 23:16:17,446 [Worker-8: Building] INFO  o.a.m.s.f.DefaultMavenResourcesFiltering - skip non existing resourceDirectory /Users/joel_arias/Desktop/SynergesticIT/Training/Second/SpringBoot/SpringBoot/Assigments/HotelMicroservice/src/test/resources
2025-04-05 23:16:19,951 [Worker-7: Building] INFO  o.a.m.s.f.DefaultMavenResourcesFiltering - Copying 0 resource from src/main/resources to target/classes
2025-04-05 23:16:19,952 [Worker-7: Building] INFO  o.a.m.s.f.DefaultMavenResourcesFiltering - Copying 0 resource from src/main/resources to target/classes
2025-04-05 23:16:19,962 [Worker-7: Building] INFO  o.a.m.s.f.DefaultMavenResourcesFiltering - skip non existing resourceDirectory /Users/joel_arias/Desktop/SynergesticIT/Training/Second/SpringBoot/SpringBoot/Assigments/HotelMicroservice/src/test/resources
2025-04-05 23:16:24,165 [Worker-0: Building] INFO  o.a.m.s.f.DefaultMavenResourcesFiltering - Copying 0 resource from src/main/resources to target/classes
2025-04-05 23:16:24,167 [Worker-0: Building] INFO  o.a.m.s.f.DefaultMavenResourcesFiltering - Copying 0 resource from src/main/resources to target/classes
2025-04-05 23:16:24,171 [Worker-0: Building] INFO  o.a.m.s.f.DefaultMavenResourcesFiltering - skip non existing resourceDirectory /Users/joel_arias/Desktop/SynergesticIT/Training/Second/SpringBoot/SpringBoot/Assigments/TravelGig/src/test/resources
2025-04-05 23:16:37,377 [Worker-1: Building] INFO  o.a.m.s.f.DefaultMavenResourcesFiltering - Copying 0 resource from src/main/resources to target/classes
2025-04-05 23:16:37,378 [Worker-1: Building] INFO  o.a.m.s.f.DefaultMavenResourcesFiltering - Copying 0 resource from src/main/resources to target/classes
2025-04-05 23:16:37,381 [Worker-1: Building] INFO  o.a.m.s.f.DefaultMavenResourcesFiltering - skip non existing resourceDirectory /Users/joel_arias/Desktop/SynergesticIT/Training/Second/SpringBoot/SpringBoot/Assigments/TravelGig/src/test/resources
2025-04-05 23:18:11,653 [Worker-2: Building] INFO  o.a.m.s.f.DefaultMavenResourcesFiltering - Copying 1 resource from src/main/resources to target/classes
2025-04-05 23:18:11,676 [Worker-2: Building] INFO  o.a.m.s.f.DefaultMavenResourcesFiltering - Copying 1 resource from src/main/resources to target/classes
2025-04-05 23:18:11,680 [Worker-2: Building] INFO  o.a.m.s.f.DefaultMavenResourcesFiltering - skip non existing resourceDirectory /Users/joel_arias/Desktop/SynergesticIT/Training/Second/SpringBoot/SpringBoot/Assigments/TravelGig/src/test/resources
2025-04-05 23:18:39,120 [Worker-3: Building] INFO  o.a.m.s.f.DefaultMavenResourcesFiltering - Copying 1 resource from src/main/resources to target/classes
2025-04-05 23:18:39,230 [Worker-3: Building] INFO  o.a.m.s.f.DefaultMavenResourcesFiltering - Copying 1 resource from src/main/resources to target/classes
2025-04-05 23:18:39,810 [Worker-3: Building] INFO  o.a.m.s.f.DefaultMavenResourcesFiltering - skip non existing resourceDirectory /Users/joel_arias/Desktop/SynergesticIT/Training/Second/SpringBoot/SpringBoot/Assigments/TravelGig/src/test/resources
2025-04-05 23:18:55,641 [Worker-1: Building] INFO  o.a.m.s.f.DefaultMavenResourcesFiltering - Copying 1 resource from src/main/resources to target/classes
2025-04-05 23:18:55,661 [Worker-1: Building] INFO  o.a.m.s.f.DefaultMavenResourcesFiltering - Copying 1 resource from src/main/resources to target/classes
2025-04-05 23:18:55,666 [Worker-1: Building] INFO  o.a.m.s.f.DefaultMavenResourcesFiltering - skip non existing resourceDirectory /Users/joel_arias/Desktop/SynergesticIT/Training/Second/SpringBoot/SpringBoot/Assigments/TravelGig/src/test/resources
2025-04-05 23:19:15,081 [Worker-7: Building] INFO  o.a.m.s.f.DefaultMavenResourcesFiltering - Copying 1 resource from src/main/resources to target/classes
2025-04-05 23:19:15,108 [Worker-7: Building] INFO  o.a.m.s.f.DefaultMavenResourcesFiltering - Copying 1 resource from src/main/resources to target/classes
2025-04-05 23:19:15,112 [Worker-7: Building] INFO  o.a.m.s.f.DefaultMavenResourcesFiltering - skip non existing resourceDirectory /Users/joel_arias/Desktop/SynergesticIT/Training/Second/SpringBoot/SpringBoot/Assigments/TravelGig/src/test/resources
2025-04-05 23:19:55,610 [Worker-11: Building] INFO  o.e.m.c.i.l.LifecycleMappingFactory - Using org.eclipse.m2e.jdt.JarLifecycleMapping lifecycle mapping for MavenProject: com.hotel:SpringBoot2:0.0.1-SNAPSHOT @ /Users/joel_arias/Desktop/SynergesticIT/Training/Second/SpringBoot/SpringBoot/Assigments/TravelGig/pom.xml.
2025-04-05 23:19:56,092 [Worker-11: Building] INFO  o.a.m.s.f.DefaultMavenResourcesFiltering - Copying 0 resource from src/main/resources to target/classes
2025-04-05 23:19:56,095 [Worker-11: Building] INFO  o.a.m.s.f.DefaultMavenResourcesFiltering - Copying 0 resource from src/main/resources to target/classes
2025-04-05 23:19:56,102 [Worker-11: Building] INFO  o.a.m.s.f.DefaultMavenResourcesFiltering - skip non existing resourceDirectory /Users/joel_arias/Desktop/SynergesticIT/Training/Second/SpringBoot/SpringBoot/Assigments/TravelGig/src/test/resources
2025-04-05 23:20:15,081 [Worker-1: Building] INFO  o.a.m.s.f.DefaultMavenResourcesFiltering - Copying 1 resource from src/main/resources to target/classes
2025-04-05 23:20:15,153 [Worker-1: Building] INFO  o.a.m.s.f.DefaultMavenResourcesFiltering - Copying 0 resource from src/main/resources to target/classes
2025-04-05 23:20:15,169 [Worker-1: Building] INFO  o.a.m.s.f.DefaultMavenResourcesFiltering - skip non existing resourceDirectory /Users/joel_arias/Desktop/SynergesticIT/Training/Second/SpringBoot/SpringBoot/Assigments/TravelGig/src/test/resources
2025-04-05 23:20:24,288 [Worker-1: Building] INFO  o.a.m.s.f.DefaultMavenResourcesFiltering - Copying 0 resource from src/main/resources to target/classes
2025-04-05 23:20:24,290 [Worker-1: Building] INFO  o.a.m.s.f.DefaultMavenResourcesFiltering - Copying 0 resource from src/main/resources to target/classes
2025-04-05 23:20:24,294 [Worker-1: Building] INFO  o.a.m.s.f.DefaultMavenResourcesFiltering - skip non existing resourceDirectory /Users/joel_arias/Desktop/SynergesticIT/Training/Second/SpringBoot/SpringBoot/Assigments/TravelGig/src/test/resources
2025-04-05 23:20:27,118 [Worker-12: Building] INFO  o.a.m.s.f.DefaultMavenResourcesFiltering - Copying 0 resource from src/main/resources to target/classes
2025-04-05 23:20:27,119 [Worker-12: Building] INFO  o.a.m.s.f.DefaultMavenResourcesFiltering - Copying 0 resource from src/main/resources to target/classes
2025-04-05 23:20:27,121 [Worker-12: Building] INFO  o.a.m.s.f.DefaultMavenResourcesFiltering - skip non existing resourceDirectory /Users/joel_arias/Desktop/SynergesticIT/Training/Second/SpringBoot/SpringBoot/Assigments/TravelGig/src/test/resources
2025-04-05 23:20:27,343 [Worker-7: Building] INFO  o.a.m.s.f.DefaultMavenResourcesFiltering - Copying 0 resource from src/main/resources to target/classes
2025-04-05 23:20:27,353 [Worker-7: Building] INFO  o.a.m.s.f.DefaultMavenResourcesFiltering - Copying 0 resource from src/main/resources to target/classes
2025-04-05 23:20:27,361 [Worker-7: Building] INFO  o.a.m.s.f.DefaultMavenResourcesFiltering - skip non existing resourceDirectory /Users/joel_arias/Desktop/SynergesticIT/Training/Second/SpringBoot/SpringBoot/Assigments/Assesment1Student/src/test/resources
2025-04-05 23:20:28,508 [Worker-15: Building] INFO  o.a.m.s.f.DefaultMavenResourcesFiltering - Copying 0 resource from src/main/resources to target/classes
2025-04-05 23:20:28,509 [Worker-15: Building] INFO  o.a.m.s.f.DefaultMavenResourcesFiltering - Copying 0 resource from src/main/resources to target/classes
2025-04-05 23:20:28,516 [Worker-15: Building] INFO  o.a.m.s.f.DefaultMavenResourcesFiltering - skip non existing resourceDirectory /Users/joel_arias/Desktop/SynergesticIT/Training/Second/SpringBoot/SpringBoot/Assigments/Assesment1Student/src/test/resources
2025-04-05 23:22:22,735 [Worker-19: Building] INFO  o.a.m.s.f.DefaultMavenResourcesFiltering - Copying 0 resource from src/main/resources to target/classes
2025-04-05 23:22:22,738 [Worker-19: Building] INFO  o.a.m.s.f.DefaultMavenResourcesFiltering - Copying 1 resource from src/main/resources to target/classes
2025-04-05 23:22:22,755 [Worker-19: Building] INFO  o.a.m.s.f.DefaultMavenResourcesFiltering - skip non existing resourceDirectory /Users/joel_arias/Desktop/SynergesticIT/Training/Second/SpringBoot/SpringBoot/Assigments/Assesment1Student/src/test/resources
2025-04-05 23:24:08,058 [Worker-20: Building] INFO  o.a.m.s.f.DefaultMavenResourcesFiltering - Copying 0 resource from src/main/resources to target/classes
2025-04-05 23:24:08,066 [Worker-20: Building] INFO  o.a.m.s.f.DefaultMavenResourcesFiltering - Copying 0 resource from src/main/resources to target/classes
2025-04-05 23:24:08,085 [Worker-20: Building] INFO  o.a.m.s.f.DefaultMavenResourcesFiltering - skip non existing resourceDirectory /Users/joel_arias/Desktop/SynergesticIT/Training/Second/SpringBoot/SpringBoot/Assigments/TravelGig/src/test/resources
2025-04-05 23:24:10,484 [Worker-16: Building] INFO  o.a.m.s.f.DefaultMavenResourcesFiltering - Copying 0 resource from src/main/resources to target/classes
2025-04-05 23:24:10,486 [Worker-16: Building] INFO  o.a.m.s.f.DefaultMavenResourcesFiltering - Copying 0 resource from src/main/resources to target/classes
2025-04-05 23:24:10,491 [Worker-16: Building] INFO  o.a.m.s.f.DefaultMavenResourcesFiltering - skip non existing resourceDirectory /Users/joel_arias/Desktop/SynergesticIT/Training/Second/SpringBoot/SpringBoot/Assigments/TravelGig/src/test/resources
2025-04-05 23:24:11,548 [Worker-3: Building] INFO  o.a.m.s.f.DefaultMavenResourcesFiltering - Copying 0 resource from src/main/resources to target/classes
2025-04-05 23:24:11,551 [Worker-3: Building] INFO  o.a.m.s.f.DefaultMavenResourcesFiltering - Copying 0 resource from src/main/resources to target/classes
2025-04-05 23:24:11,554 [Worker-3: Building] INFO  o.a.m.s.f.DefaultMavenResourcesFiltering - skip non existing resourceDirectory /Users/joel_arias/Desktop/SynergesticIT/Training/Second/SpringBoot/SpringBoot/Assigments/HotelMicroservice/src/test/resources
2025-04-05 23:24:12,601 [Worker-18: Building] INFO  o.a.m.s.f.DefaultMavenResourcesFiltering - Copying 0 resource from src/main/resources to target/classes
2025-04-05 23:24:12,603 [Worker-18: Building] INFO  o.a.m.s.f.DefaultMavenResourcesFiltering - Copying 0 resource from src/main/resources to target/classes
2025-04-05 23:24:12,607 [Worker-18: Building] INFO  o.a.m.s.f.DefaultMavenResourcesFiltering - skip non existing resourceDirectory /Users/joel_arias/Desktop/SynergesticIT/Training/Second/SpringBoot/SpringBoot/Assigments/HotelMicroservice/src/test/resources
2025-04-05 23:25:43,264 [Worker-18: Building] INFO  o.a.m.s.f.DefaultMavenResourcesFiltering - Copying 0 resource from src/main/resources to target/classes
2025-04-05 23:25:43,270 [Worker-18: Building] INFO  o.a.m.s.f.DefaultMavenResourcesFiltering - Copying 1 resource from src/main/resources to target/classes
2025-04-05 23:25:43,276 [Worker-18: Building] INFO  o.a.m.s.f.DefaultMavenResourcesFiltering - skip non existing resourceDirectory /Users/joel_arias/Desktop/SynergesticIT/Training/Second/SpringBoot/SpringBoot/Assigments/TravelGig/src/test/resources
2025-04-05 23:26:48,266 [Worker-3: Building] INFO  o.a.m.s.f.DefaultMavenResourcesFiltering - Copying 0 resource from src/main/resources to target/classes
2025-04-05 23:26:48,269 [Worker-3: Building] INFO  o.a.m.s.f.DefaultMavenResourcesFiltering - Copying 1 resource from src/main/resources to target/classes
2025-04-05 23:26:48,275 [Worker-3: Building] INFO  o.a.m.s.f.DefaultMavenResourcesFiltering - skip non existing resourceDirectory /Users/joel_arias/Desktop/SynergesticIT/Training/Second/SpringBoot/SpringBoot/Assigments/TravelGig/src/test/resources
2025-04-05 23:27:44,231 [Worker-11: Building] INFO  o.a.m.s.f.DefaultMavenResourcesFiltering - Copying 1 resource from src/main/resources to target/classes
2025-04-05 23:27:44,359 [Worker-11: Building] INFO  o.a.m.s.f.DefaultMavenResourcesFiltering - Copying 1 resource from src/main/resources to target/classes
2025-04-05 23:27:44,369 [Worker-11: Building] INFO  o.a.m.s.f.DefaultMavenResourcesFiltering - skip non existing resourceDirectory /Users/joel_arias/Desktop/SynergesticIT/Training/Second/SpringBoot/SpringBoot/Assigments/Assesment1Student/src/test/resources
2025-04-05 23:28:54,912 [Worker-12: Building] INFO  o.a.m.s.f.DefaultMavenResourcesFiltering - Copying 0 resource from src/main/resources to target/classes
2025-04-05 23:28:54,917 [Worker-12: Building] INFO  o.a.m.s.f.DefaultMavenResourcesFiltering - Copying 1 resource from src/main/resources to target/classes
2025-04-05 23:28:54,923 [Worker-12: Building] INFO  o.a.m.s.f.DefaultMavenResourcesFiltering - skip non existing resourceDirectory /Users/joel_arias/Desktop/SynergesticIT/Training/Second/SpringBoot/SpringBoot/Assigments/TravelGig/src/test/resources
2025-04-05 23:29:18,779 [Worker-3: Building] INFO  o.a.m.s.f.DefaultMavenResourcesFiltering - Copying 0 resource from src/main/resources to target/classes
2025-04-05 23:29:18,781 [Worker-3: Building] INFO  o.a.m.s.f.DefaultMavenResourcesFiltering - Copying 1 resource from src/main/resources to target/classes
2025-04-05 23:29:18,786 [Worker-3: Building] INFO  o.a.m.s.f.DefaultMavenResourcesFiltering - skip non existing resourceDirectory /Users/joel_arias/Desktop/SynergesticIT/Training/Second/SpringBoot/SpringBoot/Assigments/TravelGig/src/test/resources
2025-04-05 23:30:17,634 [Worker-5: Building] INFO  o.a.m.s.f.DefaultMavenResourcesFiltering - Copying 0 resource from src/main/resources to target/classes
2025-04-05 23:30:17,635 [Worker-5: Building] INFO  o.a.m.s.f.DefaultMavenResourcesFiltering - Copying 1 resource from src/main/resources to target/classes
2025-04-05 23:30:17,638 [Worker-5: Building] INFO  o.a.m.s.f.DefaultMavenResourcesFiltering - skip non existing resourceDirectory /Users/joel_arias/Desktop/SynergesticIT/Training/Second/SpringBoot/SpringBoot/Assigments/TravelGig/src/test/resources
2025-04-05 23:40:19,376 [Worker-20: Building] INFO  o.a.m.s.f.DefaultMavenResourcesFiltering - Copying 1 resource from src/main/resources to target/classes
2025-04-05 23:40:19,413 [Worker-20: Building] INFO  o.a.m.s.f.DefaultMavenResourcesFiltering - Copying 0 resource from src/main/resources to target/classes
2025-04-05 23:40:19,423 [Worker-20: Building] INFO  o.a.m.s.f.DefaultMavenResourcesFiltering - skip non existing resourceDirectory /Users/joel_arias/Desktop/SynergesticIT/Training/Second/SpringBoot/SpringBoot/Assigments/HotelMicroservice/src/test/resources
2025-04-05 23:41:27,303 [Worker-6: Building] INFO  o.a.m.s.f.DefaultMavenResourcesFiltering - Copying 0 resource from src/main/resources to target/classes
2025-04-05 23:41:27,305 [Worker-6: Building] INFO  o.a.m.s.f.DefaultMavenResourcesFiltering - Copying 1 resource from src/main/resources to target/classes
2025-04-05 23:41:27,318 [Worker-6: Building] INFO  o.a.m.s.f.DefaultMavenResourcesFiltering - skip non existing resourceDirectory /Users/joel_arias/Desktop/SynergesticIT/Training/Second/SpringBoot/SpringBoot/Assigments/TravelGig/src/test/resources
2025-04-05 23:42:31,151 [Worker-12: Building] INFO  o.a.m.s.f.DefaultMavenResourcesFiltering - Copying 0 resource from src/main/resources to target/classes
2025-04-05 23:42:31,153 [Worker-12: Building] INFO  o.a.m.s.f.DefaultMavenResourcesFiltering - Copying 1 resource from src/main/resources to target/classes
2025-04-05 23:42:31,158 [Worker-12: Building] INFO  o.a.m.s.f.DefaultMavenResourcesFiltering - skip non existing resourceDirectory /Users/joel_arias/Desktop/SynergesticIT/Training/Second/SpringBoot/SpringBoot/Assigments/TravelGig/src/test/resources
2025-04-05 23:44:49,483 [Worker-7: Launching HotelMicroservice] INFO  o.a.m.s.f.DefaultMavenResourcesFiltering - Copying 1 resource from src/main/resources to target/classes
2025-04-05 23:44:49,526 [Worker-7: Launching HotelMicroservice] INFO  o.a.m.s.f.DefaultMavenResourcesFiltering - Copying 0 resource from src/main/resources to target/classes
2025-04-05 23:44:49,535 [Worker-7: Launching HotelMicroservice] INFO  o.a.m.s.f.DefaultMavenResourcesFiltering - skip non existing resourceDirectory /Users/joel_arias/Desktop/SynergesticIT/Training/Second/SpringBoot/SpringBoot/Assigments/HotelMicroservice/src/test/resources
2025-04-05 23:46:46,157 [Worker-7: Building] INFO  o.a.m.s.f.DefaultMavenResourcesFiltering - Copying 1 resource from src/main/resources to target/classes
2025-04-05 23:46:46,178 [Worker-7: Building] INFO  o.a.m.s.f.DefaultMavenResourcesFiltering - Copying 0 resource from src/main/resources to target/classes
2025-04-05 23:46:46,183 [Worker-7: Building] INFO  o.a.m.s.f.DefaultMavenResourcesFiltering - skip non existing resourceDirectory /Users/joel_arias/Desktop/SynergesticIT/Training/Second/SpringBoot/SpringBoot/Assigments/HotelMicroservice/src/test/resources
2025-04-05 23:47:12,793 [Worker-17: Building] INFO  o.a.m.s.f.DefaultMavenResourcesFiltering - Copying 0 resource from src/main/resources to target/classes
2025-04-05 23:47:12,794 [Worker-17: Building] INFO  o.a.m.s.f.DefaultMavenResourcesFiltering - Copying 1 resource from src/main/resources to target/classes
2025-04-05 23:47:12,799 [Worker-17: Building] INFO  o.a.m.s.f.DefaultMavenResourcesFiltering - skip non existing resourceDirectory /Users/joel_arias/Desktop/SynergesticIT/Training/Second/SpringBoot/SpringBoot/Assigments/TravelGig/src/test/resources
2025-04-07 12:13:15,029 [Worker-2: Loading available Gradle versions] INFO  o.e.b.c.i.u.g.PublishedGradleVersions - Gradle version information cache is out-of-date. Trying to update.
2025-04-11 22:16:37,730 [Worker-11: Loading available Gradle versions] INFO  o.e.b.c.i.u.g.PublishedGradleVersions - Gradle version information cache is out-of-date. Trying to update.
2025-04-11 22:18:03,916 [Worker-0: Building] INFO  o.a.m.s.f.DefaultMavenResourcesFiltering - Copying 1 resource from src/main/resources to target/classes
2025-04-11 22:18:03,972 [Worker-0: Building] INFO  o.a.m.s.f.DefaultMavenResourcesFiltering - Copying 1 resource from src/main/resources to target/classes
2025-04-11 22:18:03,994 [Worker-0: Building] INFO  o.a.m.s.f.DefaultMavenResourcesFiltering - skip non existing resourceDirectory /Users/joel_arias/Desktop/SynergesticIT/Training/Second/SpringBoot/SpringBoot/Assigments/Assesment1Student/src/test/resources
2025-04-11 22:18:05,724 [Worker-0: Building] INFO  o.a.m.s.f.DefaultMavenResourcesFiltering - Copying 1 resource from src/main/resources to target/classes
2025-04-11 22:18:06,028 [Worker-0: Building] INFO  o.a.m.s.f.DefaultMavenResourcesFiltering - Copying 0 resource from src/main/resources to target/classes
2025-04-11 22:18:06,388 [Worker-0: Building] INFO  o.a.m.s.f.DefaultMavenResourcesFiltering - skip non existing resourceDirectory /Users/joel_arias/Desktop/SynergesticIT/Training/Second/SpringBoot/SpringBoot/Assigments/HotelMicroservice/src/test/resources
2025-04-11 22:18:15,694 [Worker-10: Building] INFO  o.a.m.s.f.DefaultMavenResourcesFiltering - Copying 1 resource from src/main/resources to target/classes
2025-04-11 22:18:15,714 [Worker-10: Building] INFO  o.a.m.s.f.DefaultMavenResourcesFiltering - Copying 1 resource from src/main/resources to target/classes
2025-04-11 22:18:15,719 [Worker-10: Building] INFO  o.a.m.s.f.DefaultMavenResourcesFiltering - skip non existing resourceDirectory /Users/joel_arias/Desktop/SynergesticIT/Training/Second/SpringBoot/SpringBoot/Assigments/TravelGig/src/test/resources
2025-04-11 22:18:59,954 [Worker-4: Building] INFO  o.e.m.c.i.l.LifecycleMappingFactory - Using org.eclipse.m2e.jdt.JarLifecycleMapping lifecycle mapping for MavenProject: com.synex:TravelGig:0.0.1-SNAPSHOT @ /Users/joel_arias/Desktop/SynergesticIT/Training/Second/SpringBoot/SpringBoot/Assigments/TravelGigJSPAssesment/pom.xml.
2025-04-11 22:19:00,884 [Worker-4: Building] INFO  o.a.m.s.f.DefaultMavenResourcesFiltering - Copying 1 resource
2025-04-11 22:19:00,900 [Worker-4: Building] INFO  o.a.m.s.f.DefaultMavenResourcesFiltering - Copying 0 resource
2025-04-11 22:19:00,908 [Worker-4: Building] INFO  o.a.m.s.f.DefaultMavenResourcesFiltering - skip non existing resourceDirectory /Users/joel_arias/Desktop/SynergesticIT/Training/Second/SpringBoot/SpringBoot/Assigments/TravelGigJSPAssesment/src/test/resources
2025-04-11 22:19:03,447 [Worker-20: Building] INFO  o.a.m.s.f.DefaultMavenResourcesFiltering - Copying 1 resource
2025-04-11 22:19:03,468 [Worker-20: Building] INFO  o.a.m.s.f.DefaultMavenResourcesFiltering - Copying 0 resource
2025-04-11 22:19:03,483 [Worker-20: Building] INFO  o.a.m.s.f.DefaultMavenResourcesFiltering - skip non existing resourceDirectory /Users/joel_arias/Desktop/SynergesticIT/Training/Second/SpringBoot/SpringBoot/Assigments/TravelGigJSPAssesment/src/test/resources
2025-04-11 22:19:13,117 [Worker-16: Building] INFO  o.a.m.s.f.DefaultMavenResourcesFiltering - Copying 0 resource from src/main/resources to target/classes
2025-04-11 22:19:13,125 [Worker-16: Building] INFO  o.a.m.s.f.DefaultMavenResourcesFiltering - Copying 0 resource from src/main/resources to target/classes
2025-04-11 22:19:13,138 [Worker-16: Building] INFO  o.a.m.s.f.DefaultMavenResourcesFiltering - skip non existing resourceDirectory /Users/joel_arias/Desktop/SynergesticIT/Training/Second/SpringBoot/SpringBoot/Assigments/HotelMicroservice/src/test/resources
2025-04-11 22:19:14,245 [Worker-9: Building] INFO  o.a.m.s.f.DefaultMavenResourcesFiltering - Copying 0 resource from src/main/resources to target/classes
2025-04-11 22:19:14,247 [Worker-9: Building] INFO  o.a.m.s.f.DefaultMavenResourcesFiltering - Copying 0 resource from src/main/resources to target/classes
2025-04-11 22:19:14,252 [Worker-9: Building] INFO  o.a.m.s.f.DefaultMavenResourcesFiltering - skip non existing resourceDirectory /Users/joel_arias/Desktop/SynergesticIT/Training/Second/SpringBoot/SpringBoot/Assigments/HotelMicroservice/src/test/resources
2025-04-11 22:19:17,482 [Worker-8: Building] INFO  o.a.m.s.f.DefaultMavenResourcesFiltering - Copying 0 resource from src/main/resources to target/classes
2025-04-11 22:19:17,483 [Worker-8: Building] INFO  o.a.m.s.f.DefaultMavenResourcesFiltering - Copying 0 resource from src/main/resources to target/classes
2025-04-11 22:19:17,487 [Worker-8: Building] INFO  o.a.m.s.f.DefaultMavenResourcesFiltering - skip non existing resourceDirectory /Users/joel_arias/Desktop/SynergesticIT/Training/Second/SpringBoot/SpringBoot/Assigments/HotelMicroservice/src/test/resources
2025-04-11 22:19:21,460 [Worker-30: Building] INFO  o.a.m.s.f.DefaultMavenResourcesFiltering - Copying 0 resource
2025-04-11 22:19:21,461 [Worker-30: Building] INFO  o.a.m.s.f.DefaultMavenResourcesFiltering - Copying 0 resource
2025-04-11 22:19:21,468 [Worker-30: Building] INFO  o.a.m.s.f.DefaultMavenResourcesFiltering - skip non existing resourceDirectory /Users/joel_arias/Desktop/SynergesticIT/Training/Second/SpringBoot/SpringBoot/Assigments/TravelGigJSPAssesment/src/test/resources
2025-04-11 22:19:25,804 [Worker-19: Building] INFO  o.a.m.s.f.DefaultMavenResourcesFiltering - Copying 0 resource
2025-04-11 22:19:25,806 [Worker-19: Building] INFO  o.a.m.s.f.DefaultMavenResourcesFiltering - Copying 0 resource
2025-04-11 22:19:25,810 [Worker-19: Building] INFO  o.a.m.s.f.DefaultMavenResourcesFiltering - skip non existing resourceDirectory /Users/joel_arias/Desktop/SynergesticIT/Training/Second/SpringBoot/SpringBoot/Assigments/TravelGigJSPAssesment/src/test/resources
2025-04-11 22:19:26,006 [Worker-11: Building] INFO  o.a.m.s.f.DefaultMavenResourcesFiltering - Copying 0 resource from src/main/resources to target/classes
2025-04-11 22:19:26,007 [Worker-11: Building] INFO  o.a.m.s.f.DefaultMavenResourcesFiltering - Copying 0 resource from src/main/resources to target/classes
2025-04-11 22:19:26,014 [Worker-11: Building] INFO  o.a.m.s.f.DefaultMavenResourcesFiltering - skip non existing resourceDirectory /Users/joel_arias/Desktop/SynergesticIT/Training/Second/SpringBoot/SpringBoot/Assigments/TravelGig/src/test/resources
2025-04-11 22:19:33,045 [Worker-19: Building] INFO  o.a.m.s.f.DefaultMavenResourcesFiltering - Copying 0 resource from src/main/resources to target/classes
2025-04-11 22:19:33,048 [Worker-19: Building] INFO  o.a.m.s.f.DefaultMavenResourcesFiltering - Copying 0 resource from src/main/resources to target/classes
2025-04-11 22:19:33,054 [Worker-19: Building] INFO  o.a.m.s.f.DefaultMavenResourcesFiltering - skip non existing resourceDirectory /Users/joel_arias/Desktop/SynergesticIT/Training/Second/SpringBoot/SpringBoot/Assigments/TravelGig/src/test/resources
2025-04-11 22:19:34,111 [Worker-28: Building] INFO  o.a.m.s.f.DefaultMavenResourcesFiltering - Copying 0 resource
2025-04-11 22:19:34,112 [Worker-28: Building] INFO  o.a.m.s.f.DefaultMavenResourcesFiltering - Copying 0 resource
2025-04-11 22:19:34,124 [Worker-28: Building] INFO  o.a.m.s.f.DefaultMavenResourcesFiltering - skip non existing resourceDirectory /Users/joel_arias/Desktop/SynergesticIT/Training/Second/SpringBoot/SpringBoot/Assigments/TravelGigJSPAssesment/src/test/resources
2025-04-11 22:19:49,258 [Worker-26: Building] INFO  o.a.m.s.f.DefaultMavenResourcesFiltering - Copying 0 resource
2025-04-11 22:19:49,260 [Worker-26: Building] INFO  o.a.m.s.f.DefaultMavenResourcesFiltering - Copying 0 resource
2025-04-11 22:19:49,263 [Worker-26: Building] INFO  o.a.m.s.f.DefaultMavenResourcesFiltering - skip non existing resourceDirectory /Users/joel_arias/Desktop/SynergesticIT/Training/Second/SpringBoot/SpringBoot/Assigments/TravelGigJSPAssesment/src/test/resources
2025-04-11 22:21:27,589 [Worker-20: Building] INFO  o.a.m.s.f.DefaultMavenResourcesFiltering - Copying 0 resource
2025-04-11 22:21:27,594 [Worker-20: Building] INFO  o.a.m.s.f.DefaultMavenResourcesFiltering - Copying 0 resource
2025-04-11 22:21:27,601 [Worker-20: Building] INFO  o.a.m.s.f.DefaultMavenResourcesFiltering - skip non existing resourceDirectory /Users/joel_arias/Desktop/SynergesticIT/Training/Second/SpringBoot/SpringBoot/Assigments/TravelGigJSPAssesment/src/test/resources
2025-04-17 00:27:08,789 [Worker-7: Loading available Gradle versions] INFO  o.e.b.c.i.u.g.PublishedGradleVersions - Gradle version information cache is out-of-date. Trying to update.
2025-04-17 00:28:07,556 [Worker-14: Building] INFO  o.e.m.c.i.l.LifecycleMappingFactory - Using org.eclipse.m2e.jdt.JarLifecycleMapping lifecycle mapping for MavenProject: com.synex:TravelGig:0.0.1-SNAPSHOT @ /Users/joel_arias/Desktop/SynergesticIT/Training/Second/SpringBoot/SpringBoot/Assigments/LoginWith2Buttons/pom.xml.
2025-04-17 00:28:10,224 [Worker-14: Building] WARN  o.e.m.c.i.embedder.EclipseLogger - The artifact mysql:mysql-connector-java:jar:8.0.33 has been relocated to com.mysql:mysql-connector-j:jar:8.0.33: MySQL Connector/J artifacts moved to reverse-DNS compliant Maven 2+ coordinates.
2025-04-17 00:28:12,802 [Worker-14: Building] INFO  o.a.m.s.f.DefaultMavenResourcesFiltering - Copying 1 resource
2025-04-17 00:28:12,860 [Worker-14: Building] INFO  o.a.m.s.f.DefaultMavenResourcesFiltering - Copying 0 resource
2025-04-17 00:28:12,875 [Worker-14: Building] INFO  o.a.m.s.f.DefaultMavenResourcesFiltering - skip non existing resourceDirectory /Users/joel_arias/Desktop/SynergesticIT/Training/Second/SpringBoot/SpringBoot/Assigments/LoginWith2Buttons/src/test/resources
2025-04-17 00:28:15,459 [Worker-6: Building] INFO  o.a.m.s.f.DefaultMavenResourcesFiltering - Copying 1 resource
2025-04-17 00:28:15,462 [Worker-6: Building] INFO  o.a.m.s.f.DefaultMavenResourcesFiltering - Copying 0 resource
2025-04-17 00:28:15,469 [Worker-6: Building] INFO  o.a.m.s.f.DefaultMavenResourcesFiltering - skip non existing resourceDirectory /Users/joel_arias/Desktop/SynergesticIT/Training/Second/SpringBoot/SpringBoot/Assigments/LoginWith2Buttons/src/test/resources
2025-04-17 11:21:39,940 [Worker-120: Building] INFO  o.a.m.s.f.DefaultMavenResourcesFiltering - Copying 1 resource
2025-04-17 11:21:40,347 [Worker-120: Building] INFO  o.a.m.s.f.DefaultMavenResourcesFiltering - Copying 0 resource
2025-04-17 11:21:41,088 [Worker-120: Building] INFO  o.a.m.s.f.DefaultMavenResourcesFiltering - skip non existing resourceDirectory /Users/joel_arias/Desktop/SynergesticIT/Training/Second/SpringBoot/SpringBoot/Assigments/TravelGigJSPAssesment/src/test/resources
2025-04-17 11:21:42,937 [Worker-120: Building] INFO  o.a.m.s.f.DefaultMavenResourcesFiltering - Copying 0 resource
2025-04-17 11:21:42,943 [Worker-120: Building] INFO  o.a.m.s.f.DefaultMavenResourcesFiltering - Copying 0 resource
2025-04-17 11:21:42,949 [Worker-120: Building] INFO  o.a.m.s.f.DefaultMavenResourcesFiltering - skip non existing resourceDirectory /Users/joel_arias/Desktop/SynergesticIT/Training/Second/SpringBoot/SpringBoot/Assigments/TravelGigJSPAssesment/src/test/resources
2025-04-17 11:21:43,141 [Worker-120: Building] INFO  o.a.m.s.f.DefaultMavenResourcesFiltering - Copying 0 resource
2025-04-17 11:21:43,142 [Worker-120: Building] INFO  o.a.m.s.f.DefaultMavenResourcesFiltering - Copying 0 resource
2025-04-17 11:21:43,152 [Worker-120: Building] INFO  o.a.m.s.f.DefaultMavenResourcesFiltering - skip non existing resourceDirectory /Users/joel_arias/Desktop/SynergesticIT/Training/Second/SpringBoot/SpringBoot/Assigments/TravelGigJSPAssesment/src/test/resources
2025-04-17 11:21:46,598 [Worker-117: Building] INFO  o.a.m.s.f.DefaultMavenResourcesFiltering - Copying 0 resource
2025-04-17 11:21:46,601 [Worker-117: Building] INFO  o.a.m.s.f.DefaultMavenResourcesFiltering - Copying 0 resource
2025-04-17 11:21:46,606 [Worker-117: Building] INFO  o.a.m.s.f.DefaultMavenResourcesFiltering - skip non existing resourceDirectory /Users/joel_arias/Desktop/SynergesticIT/Training/Second/SpringBoot/SpringBoot/Assigments/TravelGigJSPAssesment/src/test/resources
2025-04-17 11:21:46,765 [Worker-119: Building] INFO  o.a.m.s.f.DefaultMavenResourcesFiltering - Copying 0 resource
2025-04-17 11:21:46,766 [Worker-119: Building] INFO  o.a.m.s.f.DefaultMavenResourcesFiltering - Copying 0 resource
2025-04-17 11:21:46,771 [Worker-119: Building] INFO  o.a.m.s.f.DefaultMavenResourcesFiltering - skip non existing resourceDirectory /Users/joel_arias/Desktop/SynergesticIT/Training/Second/SpringBoot/SpringBoot/Assigments/TravelGigJSPAssesment/src/test/resources
2025-04-17 11:21:53,065 [Worker-116: Building] INFO  o.a.m.s.f.DefaultMavenResourcesFiltering - Copying 0 resource
2025-04-17 11:21:53,069 [Worker-116: Building] INFO  o.a.m.s.f.DefaultMavenResourcesFiltering - Copying 0 resource
2025-04-17 11:21:53,074 [Worker-116: Building] INFO  o.a.m.s.f.DefaultMavenResourcesFiltering - skip non existing resourceDirectory /Users/joel_arias/Desktop/SynergesticIT/Training/Second/SpringBoot/SpringBoot/Assigments/LoginWith2Buttons/src/test/resources
2025-04-17 11:22:10,800 [Worker-116: Building] INFO  o.a.m.s.f.DefaultMavenResourcesFiltering - Copying 0 resource
2025-04-17 11:22:10,810 [Worker-116: Building] INFO  o.a.m.s.f.DefaultMavenResourcesFiltering - Copying 0 resource
2025-04-17 11:22:10,815 [Worker-116: Building] INFO  o.a.m.s.f.DefaultMavenResourcesFiltering - skip non existing resourceDirectory /Users/joel_arias/Desktop/SynergesticIT/Training/Second/SpringBoot/SpringBoot/Assigments/LoginWith2Buttons/src/test/resources
2025-04-17 11:22:11,127 [Worker-119: Building] INFO  o.a.m.s.f.DefaultMavenResourcesFiltering - Copying 0 resource
2025-04-17 11:22:11,132 [Worker-119: Building] INFO  o.a.m.s.f.DefaultMavenResourcesFiltering - Copying 0 resource
2025-04-17 11:22:11,147 [Worker-119: Building] INFO  o.a.m.s.f.DefaultMavenResourcesFiltering - skip non existing resourceDirectory /Users/joel_arias/Desktop/SynergesticIT/Training/Second/SpringBoot/SpringBoot/Assigments/LoginWith2Buttons/src/test/resources
2025-04-17 11:22:12,211 [Worker-116: Building] INFO  o.a.m.s.f.DefaultMavenResourcesFiltering - Copying 0 resource
2025-04-17 11:22:12,214 [Worker-116: Building] INFO  o.a.m.s.f.DefaultMavenResourcesFiltering - Copying 0 resource
2025-04-17 11:22:12,224 [Worker-116: Building] INFO  o.a.m.s.f.DefaultMavenResourcesFiltering - skip non existing resourceDirectory /Users/joel_arias/Desktop/SynergesticIT/Training/Second/SpringBoot/SpringBoot/Assigments/LoginWith2Buttons/src/test/resources
2025-04-17 22:03:50,755 [Worker-228: Building] INFO  o.a.m.s.f.DefaultMavenResourcesFiltering - Copying 1 resource
2025-04-17 22:03:50,864 [Worker-228: Building] INFO  o.a.m.s.f.DefaultMavenResourcesFiltering - Copying 0 resource
2025-04-17 22:03:50,883 [Worker-228: Building] INFO  o.a.m.s.f.DefaultMavenResourcesFiltering - skip non existing resourceDirectory /Users/joel_arias/Desktop/SynergesticIT/Training/Second/SpringBoot/SpringBoot/Assigments/LoginWith2Buttons/src/test/resources
2025-04-17 22:04:54,907 [Worker-232: Building] INFO  o.a.m.s.f.DefaultMavenResourcesFiltering - Copying 1 resource
2025-04-17 22:04:54,931 [Worker-232: Building] INFO  o.a.m.s.f.DefaultMavenResourcesFiltering - Copying 0 resource
2025-04-17 22:04:54,937 [Worker-232: Building] INFO  o.a.m.s.f.DefaultMavenResourcesFiltering - skip non existing resourceDirectory /Users/joel_arias/Desktop/SynergesticIT/Training/Second/SpringBoot/SpringBoot/Assigments/LoginWith2Buttons/src/test/resources
2025-04-17 23:07:12,340 [Worker-2: Loading available Gradle versions] INFO  o.e.b.c.i.u.g.PublishedGradleVersions - Gradle version information cache is up-to-date. Trying to read.
2025-04-18 11:31:31,297 [Worker-145: Launching LoginWith2Buttons] WARN  o.e.m.c.i.embedder.EclipseLogger - The artifact mysql:mysql-connector-java:jar:8.0.33 has been relocated to com.mysql:mysql-connector-j:jar:8.0.33: MySQL Connector/J artifacts moved to reverse-DNS compliant Maven 2+ coordinates.
2025-04-20 00:42:34,531 [Worker-7: Loading available Gradle versions] INFO  o.e.b.c.i.u.g.PublishedGradleVersions - Gradle version information cache is out-of-date. Trying to update.
2025-04-20 00:43:10,887 [Worker-11: Building] INFO  o.a.m.s.f.DefaultMavenResourcesFiltering - Copying 1 resource from src/main/resources to target/classes
2025-04-20 00:43:10,916 [Worker-11: Building] INFO  o.a.m.s.f.DefaultMavenResourcesFiltering - Copying 1 resource from src/main/resources to target/classes
2025-04-20 00:43:10,953 [Worker-11: Building] INFO  o.a.m.s.f.DefaultMavenResourcesFiltering - skip non existing resourceDirectory /Users/joel_arias/Desktop/SynergesticIT/Training/Second/SpringBoot/SpringBoot/Assigments/Assesment1Student/src/test/resources
2025-04-20 00:43:13,920 [Worker-11: Building] INFO  o.a.m.s.f.DefaultMavenResourcesFiltering - Copying 1 resource from src/main/resources to target/classes
2025-04-20 00:43:13,964 [Worker-11: Building] INFO  o.a.m.s.f.DefaultMavenResourcesFiltering - Copying 0 resource from src/main/resources to target/classes
2025-04-20 00:43:13,972 [Worker-11: Building] INFO  o.a.m.s.f.DefaultMavenResourcesFiltering - skip non existing resourceDirectory /Users/joel_arias/Desktop/SynergesticIT/Training/Second/SpringBoot/SpringBoot/Assigments/HotelMicroservice/src/test/resources
2025-04-20 00:43:15,168 [Worker-11: Building] INFO  o.e.m.c.i.l.LifecycleMappingFactory - Using org.eclipse.m2e.jdt.JarLifecycleMapping lifecycle mapping for MavenProject: com.synex:ThymeInternationalization:0.0.1-SNAPSHOT @ /Users/joel_arias/Desktop/SynergesticIT/Training/Second/SpringBoot/SpringBoot/Assigments/PersonInternationalizatioJSP/pom.xml.
2025-04-20 00:43:16,383 [Worker-11: Building] INFO  o.a.m.s.f.DefaultMavenResourcesFiltering - Copying 1 resource from src/main/resources to target/classes
2025-04-20 00:43:16,400 [Worker-11: Building] INFO  o.a.m.s.f.DefaultMavenResourcesFiltering - Copying 4 resources from src/main/resources to target/classes
2025-04-20 00:43:16,417 [Worker-11: Building] INFO  o.a.m.s.f.DefaultMavenResourcesFiltering - skip non existing resourceDirectory /Users/joel_arias/Desktop/SynergesticIT/Training/Second/SpringBoot/SpringBoot/Assigments/PersonInternationalizatioJSP/src/test/resources
2025-04-20 00:43:19,492 [Worker-9: Building] INFO  o.a.m.s.f.DefaultMavenResourcesFiltering - Copying 1 resource from src/main/resources to target/classes
2025-04-20 00:43:19,518 [Worker-9: Building] INFO  o.a.m.s.f.DefaultMavenResourcesFiltering - Copying 4 resources from src/main/resources to target/classes
2025-04-20 00:43:19,534 [Worker-9: Building] INFO  o.a.m.s.f.DefaultMavenResourcesFiltering - skip non existing resourceDirectory /Users/joel_arias/Desktop/SynergesticIT/Training/Second/SpringBoot/SpringBoot/Assigments/PersonInternationalizatioJSP/src/test/resources
2025-04-20 00:43:22,654 [Worker-9: Building] INFO  o.a.m.s.f.DefaultMavenResourcesFiltering - Copying 1 resource from src/main/resources to target/classes
2025-04-20 00:43:22,689 [Worker-9: Building] INFO  o.a.m.s.f.DefaultMavenResourcesFiltering - Copying 1 resource from src/main/resources to target/classes
2025-04-20 00:43:22,758 [Worker-9: Building] INFO  o.a.m.s.f.DefaultMavenResourcesFiltering - skip non existing resourceDirectory /Users/joel_arias/Desktop/SynergesticIT/Training/Second/SpringBoot/SpringBoot/Assigments/TravelGig/src/test/resources
2025-04-20 00:43:26,122 [Worker-9: Building] WARN  o.e.m.c.i.embedder.EclipseLogger - The artifact mysql:mysql-connector-java:jar:8.0.33 has been relocated to com.mysql:mysql-connector-j:jar:8.0.33: MySQL Connector/J artifacts moved to reverse-DNS compliant Maven 2+ coordinates.
2025-04-20 00:43:26,741 [Worker-9: Building] INFO  o.a.m.s.f.DefaultMavenResourcesFiltering - Copying 1 resource
2025-04-20 00:43:26,814 [Worker-9: Building] INFO  o.a.m.s.f.DefaultMavenResourcesFiltering - Copying 0 resource
2025-04-20 00:43:26,825 [Worker-9: Building] INFO  o.a.m.s.f.DefaultMavenResourcesFiltering - skip non existing resourceDirectory /Users/joel_arias/Desktop/SynergesticIT/Training/Second/SpringBoot/SpringBoot/Assigments/LoginWith2Buttons/src/test/resources
2025-04-20 00:43:27,522 [Worker-2: Building] INFO  o.a.m.s.f.DefaultMavenResourcesFiltering - Copying 0 resource
2025-04-20 00:43:27,523 [Worker-2: Building] INFO  o.a.m.s.f.DefaultMavenResourcesFiltering - Copying 0 resource
2025-04-20 00:43:27,530 [Worker-2: Building] INFO  o.a.m.s.f.DefaultMavenResourcesFiltering - skip non existing resourceDirectory /Users/joel_arias/Desktop/SynergesticIT/Training/Second/SpringBoot/SpringBoot/Assigments/LoginWith2Buttons/src/test/resources
2025-04-20 00:43:29,071 [Worker-2: Building] INFO  o.a.m.s.f.DefaultMavenResourcesFiltering - Copying 1 resource
2025-04-20 00:43:29,084 [Worker-2: Building] INFO  o.a.m.s.f.DefaultMavenResourcesFiltering - Copying 0 resource
2025-04-20 00:43:29,088 [Worker-2: Building] INFO  o.a.m.s.f.DefaultMavenResourcesFiltering - skip non existing resourceDirectory /Users/joel_arias/Desktop/SynergesticIT/Training/Second/SpringBoot/SpringBoot/Assigments/TravelGigJSPAssesment/src/test/resources
2025-04-20 00:43:30,685 [Worker-6: Building] INFO  o.a.m.s.f.DefaultMavenResourcesFiltering - Copying 0 resource
2025-04-20 00:43:30,686 [Worker-6: Building] INFO  o.a.m.s.f.DefaultMavenResourcesFiltering - Copying 0 resource
2025-04-20 00:43:30,689 [Worker-6: Building] INFO  o.a.m.s.f.DefaultMavenResourcesFiltering - skip non existing resourceDirectory /Users/joel_arias/Desktop/SynergesticIT/Training/Second/SpringBoot/SpringBoot/Assigments/LoginWith2Buttons/src/test/resources
2025-04-20 00:43:30,833 [Worker-6: Building] INFO  o.a.m.s.f.DefaultMavenResourcesFiltering - Copying 0 resource
2025-04-20 00:43:30,834 [Worker-6: Building] INFO  o.a.m.s.f.DefaultMavenResourcesFiltering - Copying 0 resource
2025-04-20 00:43:30,840 [Worker-6: Building] INFO  o.a.m.s.f.DefaultMavenResourcesFiltering - skip non existing resourceDirectory /Users/joel_arias/Desktop/SynergesticIT/Training/Second/SpringBoot/SpringBoot/Assigments/LoginWith2Buttons/src/test/resources
2025-04-20 00:43:34,280 [Worker-2: Building] INFO  o.a.m.s.f.DefaultMavenResourcesFiltering - Copying 0 resource from src/main/resources to target/classes
2025-04-20 00:43:34,283 [Worker-2: Building] INFO  o.a.m.s.f.DefaultMavenResourcesFiltering - Copying 0 resource from src/main/resources to target/classes
2025-04-20 00:43:34,286 [Worker-2: Building] INFO  o.a.m.s.f.DefaultMavenResourcesFiltering - skip non existing resourceDirectory /Users/joel_arias/Desktop/SynergesticIT/Training/Second/SpringBoot/SpringBoot/Assigments/PersonInternationalizatioJSP/src/test/resources
2025-04-20 00:43:57,798 [Worker-7: Building] INFO  o.a.m.s.f.DefaultMavenResourcesFiltering - Copying 0 resource from src/main/resources to target/classes
2025-04-20 00:43:57,801 [Worker-7: Building] INFO  o.a.m.s.f.DefaultMavenResourcesFiltering - Copying 0 resource from src/main/resources to target/classes
2025-04-20 00:43:57,808 [Worker-7: Building] INFO  o.a.m.s.f.DefaultMavenResourcesFiltering - skip non existing resourceDirectory /Users/joel_arias/Desktop/SynergesticIT/Training/Second/SpringBoot/SpringBoot/Assigments/PersonInternationalizatioJSP/src/test/resources
2025-04-20 00:43:58,048 [Worker-16: Building] INFO  o.a.m.s.f.DefaultMavenResourcesFiltering - Copying 0 resource from src/main/resources to target/classes
2025-04-20 00:43:58,052 [Worker-16: Building] INFO  o.a.m.s.f.DefaultMavenResourcesFiltering - Copying 0 resource from src/main/resources to target/classes
2025-04-20 00:43:58,057 [Worker-16: Building] INFO  o.a.m.s.f.DefaultMavenResourcesFiltering - skip non existing resourceDirectory /Users/joel_arias/Desktop/SynergesticIT/Training/Second/SpringBoot/SpringBoot/Assigments/PersonInternationalizatioJSP/src/test/resources
2025-04-20 00:43:59,105 [Worker-1: Building] INFO  o.a.m.s.f.DefaultMavenResourcesFiltering - Copying 0 resource from src/main/resources to target/classes
2025-04-20 00:43:59,108 [Worker-1: Building] INFO  o.a.m.s.f.DefaultMavenResourcesFiltering - Copying 0 resource from src/main/resources to target/classes
2025-04-20 00:43:59,113 [Worker-1: Building] INFO  o.a.m.s.f.DefaultMavenResourcesFiltering - skip non existing resourceDirectory /Users/joel_arias/Desktop/SynergesticIT/Training/Second/SpringBoot/SpringBoot/Assigments/PersonInternationalizatioJSP/src/test/resources
2025-04-21 02:20:18,670 [Worker-2: Loading available Gradle versions] INFO  o.e.b.c.i.u.g.PublishedGradleVersions - Gradle version information cache is out-of-date. Trying to update.
2025-04-22 02:16:24,121 [Worker-2: Loading available Gradle versions] INFO  o.e.b.c.i.u.g.PublishedGradleVersions - Gradle version information cache is up-to-date. Trying to read.
2025-04-22 02:17:26,230 [Worker-15: Building] INFO  o.e.m.c.i.l.LifecycleMappingFactory - Using org.eclipse.m2e.jdt.JarLifecycleMapping lifecycle mapping for MavenProject: com.article:ArticleAPI:0.0.1-SNAPSHOT @ /Users/joel_arias/Desktop/SynergesticIT/Training/Second/SpringBoot/SpringBoot/Assigments/ArticleService/pom.xml.
2025-04-22 02:17:28,360 [Worker-15: Building] INFO  o.a.m.s.f.DefaultMavenResourcesFiltering - Copying 1 resource from src/main/resources to target/classes
2025-04-22 02:17:28,381 [Worker-15: Building] INFO  o.a.m.s.f.DefaultMavenResourcesFiltering - Copying 0 resource from src/main/resources to target/classes
2025-04-22 02:17:28,388 [Worker-15: Building] INFO  o.a.m.s.f.DefaultMavenResourcesFiltering - skip non existing resourceDirectory /Users/joel_arias/Desktop/SynergesticIT/Training/Second/SpringBoot/SpringBoot/Assigments/ArticleService/src/test/resources
2025-04-22 02:17:29,886 [Worker-15: Building] INFO  o.a.m.s.f.DefaultMavenResourcesFiltering - Copying 1 resource from src/main/resources to target/classes
2025-04-22 02:17:29,899 [Worker-15: Building] INFO  o.a.m.s.f.DefaultMavenResourcesFiltering - Copying 1 resource from src/main/resources to target/classes
2025-04-22 02:17:29,919 [Worker-15: Building] INFO  o.a.m.s.f.DefaultMavenResourcesFiltering - skip non existing resourceDirectory /Users/joel_arias/Desktop/SynergesticIT/Training/Second/SpringBoot/SpringBoot/Assigments/Assesment1Student/src/test/resources
2025-04-22 02:17:32,136 [Worker-15: Building] INFO  o.a.m.s.f.DefaultMavenResourcesFiltering - Copying 1 resource from src/main/resources to target/classes
2025-04-22 02:17:32,205 [Worker-15: Building] INFO  o.a.m.s.f.DefaultMavenResourcesFiltering - Copying 0 resource from src/main/resources to target/classes
2025-04-22 02:17:32,245 [Worker-15: Building] INFO  o.a.m.s.f.DefaultMavenResourcesFiltering - skip non existing resourceDirectory /Users/joel_arias/Desktop/SynergesticIT/Training/Second/SpringBoot/SpringBoot/Assigments/HotelMicroservice/src/test/resources
2025-04-22 02:17:33,681 [Worker-15: Building] WARN  o.e.m.c.i.embedder.EclipseLogger - The artifact mysql:mysql-connector-java:jar:8.0.33 has been relocated to com.mysql:mysql-connector-j:jar:8.0.33: MySQL Connector/J artifacts moved to reverse-DNS compliant Maven 2+ coordinates.
2025-04-22 02:17:33,881 [Worker-15: Building] INFO  o.a.m.s.f.DefaultMavenResourcesFiltering - Copying 1 resource
2025-04-22 02:17:33,892 [Worker-15: Building] INFO  o.a.m.s.f.DefaultMavenResourcesFiltering - Copying 0 resource
2025-04-22 02:17:33,897 [Worker-15: Building] INFO  o.a.m.s.f.DefaultMavenResourcesFiltering - skip non existing resourceDirectory /Users/joel_arias/Desktop/SynergesticIT/Training/Second/SpringBoot/SpringBoot/Assigments/LoginWith2Buttons/src/test/resources
2025-04-22 02:17:35,145 [Worker-15: Building] INFO  o.a.m.s.f.DefaultMavenResourcesFiltering - Copying 1 resource from src/main/resources to target/classes
2025-04-22 02:17:35,156 [Worker-15: Building] INFO  o.a.m.s.f.DefaultMavenResourcesFiltering - Copying 4 resources from src/main/resources to target/classes
2025-04-22 02:17:35,168 [Worker-15: Building] INFO  o.a.m.s.f.DefaultMavenResourcesFiltering - skip non existing resourceDirectory /Users/joel_arias/Desktop/SynergesticIT/Training/Second/SpringBoot/SpringBoot/Assigments/PersonInternationalizatioJSP/src/test/resources
2025-04-22 02:17:37,483 [Worker-15: Building] INFO  o.a.m.s.f.DefaultMavenResourcesFiltering - Copying 1 resource from src/main/resources to target/classes
2025-04-22 02:17:37,516 [Worker-15: Building] INFO  o.a.m.s.f.DefaultMavenResourcesFiltering - Copying 1 resource from src/main/resources to target/classes
2025-04-22 02:17:37,537 [Worker-15: Building] INFO  o.a.m.s.f.DefaultMavenResourcesFiltering - skip non existing resourceDirectory /Users/joel_arias/Desktop/SynergesticIT/Training/Second/SpringBoot/SpringBoot/Assigments/TravelGig/src/test/resources
2025-04-22 02:17:38,252 [Worker-15: Building] INFO  o.a.m.s.f.DefaultMavenResourcesFiltering - Copying 1 resource
2025-04-22 02:17:38,263 [Worker-15: Building] INFO  o.a.m.s.f.DefaultMavenResourcesFiltering - Copying 0 resource
2025-04-22 02:17:38,271 [Worker-15: Building] INFO  o.a.m.s.f.DefaultMavenResourcesFiltering - skip non existing resourceDirectory /Users/joel_arias/Desktop/SynergesticIT/Training/Second/SpringBoot/SpringBoot/Assigments/TravelGigJSPAssesment/src/test/resources
2025-04-22 02:17:39,638 [Worker-16: Building] INFO  o.a.m.s.f.DefaultMavenResourcesFiltering - Copying 1 resource from src/main/resources to target/classes
2025-04-22 02:17:39,643 [Worker-16: Building] INFO  o.a.m.s.f.DefaultMavenResourcesFiltering - Copying 0 resource from src/main/resources to target/classes
2025-04-22 02:17:39,646 [Worker-16: Building] INFO  o.a.m.s.f.DefaultMavenResourcesFiltering - skip non existing resourceDirectory /Users/joel_arias/Desktop/SynergesticIT/Training/Second/SpringBoot/SpringBoot/Assigments/ArticleService/src/test/resources
2025-04-22 02:18:34,276 [Worker-16: Building] INFO  o.a.m.s.f.DefaultMavenResourcesFiltering - Copying 0 resource from src/main/resources to target/classes
2025-04-22 02:18:34,296 [Worker-16: Building] INFO  o.a.m.s.f.DefaultMavenResourcesFiltering - Copying 0 resource from src/main/resources to target/classes
2025-04-22 02:18:34,327 [Worker-16: Building] INFO  o.a.m.s.f.DefaultMavenResourcesFiltering - skip non existing resourceDirectory /Users/joel_arias/Desktop/SynergesticIT/Training/Second/SpringBoot/SpringBoot/Assigments/PersonInternationalizatioJSP/src/test/resources
2025-04-22 02:18:35,471 [Worker-20: Building] INFO  o.a.m.s.f.DefaultMavenResourcesFiltering - Copying 0 resource from src/main/resources to target/classes
2025-04-22 02:18:35,472 [Worker-20: Building] INFO  o.a.m.s.f.DefaultMavenResourcesFiltering - Copying 0 resource from src/main/resources to target/classes
2025-04-22 02:18:35,483 [Worker-20: Building] INFO  o.a.m.s.f.DefaultMavenResourcesFiltering - skip non existing resourceDirectory /Users/joel_arias/Desktop/SynergesticIT/Training/Second/SpringBoot/SpringBoot/Assigments/PersonInternationalizatioJSP/src/test/resources
2025-04-22 02:18:42,071 [Worker-21: Building] INFO  o.a.m.s.f.DefaultMavenResourcesFiltering - Copying 0 resource from src/main/resources to target/classes
2025-04-22 02:18:42,073 [Worker-21: Building] INFO  o.a.m.s.f.DefaultMavenResourcesFiltering - Copying 0 resource from src/main/resources to target/classes
2025-04-22 02:18:42,076 [Worker-21: Building] INFO  o.a.m.s.f.DefaultMavenResourcesFiltering - skip non existing resourceDirectory /Users/joel_arias/Desktop/SynergesticIT/Training/Second/SpringBoot/SpringBoot/Assigments/PersonInternationalizatioJSP/src/test/resources
2025-04-22 02:18:45,710 [Worker-20: Building] INFO  o.a.m.s.f.DefaultMavenResourcesFiltering - Copying 0 resource from src/main/resources to target/classes
2025-04-22 02:18:45,712 [Worker-20: Building] INFO  o.a.m.s.f.DefaultMavenResourcesFiltering - Copying 0 resource from src/main/resources to target/classes
2025-04-22 02:18:45,715 [Worker-20: Building] INFO  o.a.m.s.f.DefaultMavenResourcesFiltering - skip non existing resourceDirectory /Users/joel_arias/Desktop/SynergesticIT/Training/Second/SpringBoot/SpringBoot/Assigments/ArticleService/src/test/resources
2025-04-22 02:19:13,696 [Worker-21: Building] INFO  o.a.m.s.f.DefaultMavenResourcesFiltering - Copying 0 resource from src/main/resources to target/classes
2025-04-22 02:19:13,699 [Worker-21: Building] INFO  o.a.m.s.f.DefaultMavenResourcesFiltering - Copying 0 resource from src/main/resources to target/classes
2025-04-22 02:19:13,704 [Worker-21: Building] INFO  o.a.m.s.f.DefaultMavenResourcesFiltering - skip non existing resourceDirectory /Users/joel_arias/Desktop/SynergesticIT/Training/Second/SpringBoot/SpringBoot/Assigments/ArticleService/src/test/resources
2025-04-22 02:19:13,935 [Worker-12: Building] INFO  o.a.m.s.f.DefaultMavenResourcesFiltering - Copying 0 resource
2025-04-22 02:19:13,948 [Worker-12: Building] INFO  o.a.m.s.f.DefaultMavenResourcesFiltering - Copying 0 resource
2025-04-22 02:19:13,954 [Worker-12: Building] INFO  o.a.m.s.f.DefaultMavenResourcesFiltering - skip non existing resourceDirectory /Users/joel_arias/Desktop/SynergesticIT/Training/Second/SpringBoot/SpringBoot/Assigments/LoginWith2Buttons/src/test/resources
2025-04-22 02:19:14,091 [Worker-14: Building] INFO  o.a.m.s.f.DefaultMavenResourcesFiltering - Copying 0 resource
2025-04-22 02:19:14,092 [Worker-14: Building] INFO  o.a.m.s.f.DefaultMavenResourcesFiltering - Copying 0 resource
2025-04-22 02:19:14,094 [Worker-14: Building] INFO  o.a.m.s.f.DefaultMavenResourcesFiltering - skip non existing resourceDirectory /Users/joel_arias/Desktop/SynergesticIT/Training/Second/SpringBoot/SpringBoot/Assigments/LoginWith2Buttons/src/test/resources
2025-04-22 02:19:14,281 [Worker-21: Building] INFO  o.a.m.s.f.DefaultMavenResourcesFiltering - Copying 0 resource from src/main/resources to target/classes
2025-04-22 02:19:14,282 [Worker-21: Building] INFO  o.a.m.s.f.DefaultMavenResourcesFiltering - Copying 0 resource from src/main/resources to target/classes
2025-04-22 02:19:14,287 [Worker-21: Building] INFO  o.a.m.s.f.DefaultMavenResourcesFiltering - skip non existing resourceDirectory /Users/joel_arias/Desktop/SynergesticIT/Training/Second/SpringBoot/SpringBoot/Assigments/ArticleService/src/test/resources
2025-04-22 02:19:17,524 [Worker-21: Building] INFO  o.a.m.s.f.DefaultMavenResourcesFiltering - Copying 0 resource from src/main/resources to target/classes
2025-04-22 02:19:17,525 [Worker-21: Building] INFO  o.a.m.s.f.DefaultMavenResourcesFiltering - Copying 0 resource from src/main/resources to target/classes
2025-04-22 02:19:17,527 [Worker-21: Building] INFO  o.a.m.s.f.DefaultMavenResourcesFiltering - skip non existing resourceDirectory /Users/joel_arias/Desktop/SynergesticIT/Training/Second/SpringBoot/SpringBoot/Assigments/ArticleService/src/test/resources
2025-04-22 11:16:01,827 [Worker-108: Building] INFO  o.a.m.s.f.DefaultMavenResourcesFiltering - Copying 0 resource from src/main/resources to target/classes
2025-04-22 11:16:01,835 [Worker-108: Building] INFO  o.a.m.s.f.DefaultMavenResourcesFiltering - Copying 0 resource from src/main/resources to target/classes
2025-04-22 11:16:01,846 [Worker-108: Building] INFO  o.a.m.s.f.DefaultMavenResourcesFiltering - skip non existing resourceDirectory /Users/joel_arias/Desktop/SynergesticIT/Training/Second/SpringBoot/SpringBoot/Assigments/PersonInternationalizatioJSP/src/test/resources
2025-04-22 11:16:04,579 [Worker-108: Building] INFO  o.a.m.s.f.DefaultMavenResourcesFiltering - Copying 0 resource from src/main/resources to target/classes
2025-04-22 11:16:04,580 [Worker-108: Building] INFO  o.a.m.s.f.DefaultMavenResourcesFiltering - Copying 0 resource from src/main/resources to target/classes
2025-04-22 11:16:04,585 [Worker-108: Building] INFO  o.a.m.s.f.DefaultMavenResourcesFiltering - skip non existing resourceDirectory /Users/joel_arias/Desktop/SynergesticIT/Training/Second/SpringBoot/SpringBoot/Assigments/PersonInternationalizatioJSP/src/test/resources
2025-04-22 11:16:05,645 [Worker-105: Building] INFO  o.a.m.s.f.DefaultMavenResourcesFiltering - Copying 0 resource from src/main/resources to target/classes
2025-04-22 11:16:05,649 [Worker-105: Building] INFO  o.a.m.s.f.DefaultMavenResourcesFiltering - Copying 0 resource from src/main/resources to target/classes
2025-04-22 11:16:05,656 [Worker-105: Building] INFO  o.a.m.s.f.DefaultMavenResourcesFiltering - skip non existing resourceDirectory /Users/joel_arias/Desktop/SynergesticIT/Training/Second/SpringBoot/SpringBoot/Assigments/ArticleService/src/test/resources
2025-04-22 11:16:06,706 [Worker-98: Building] INFO  o.a.m.s.f.DefaultMavenResourcesFiltering - Copying 0 resource from src/main/resources to target/classes
2025-04-22 11:16:06,707 [Worker-98: Building] INFO  o.a.m.s.f.DefaultMavenResourcesFiltering - Copying 0 resource from src/main/resources to target/classes
2025-04-22 11:16:06,712 [Worker-98: Building] INFO  o.a.m.s.f.DefaultMavenResourcesFiltering - skip non existing resourceDirectory /Users/joel_arias/Desktop/SynergesticIT/Training/Second/SpringBoot/SpringBoot/Assigments/ArticleService/src/test/resources
2025-04-22 11:35:27,324 [Worker-114: Building] INFO  o.e.m.c.i.l.LifecycleMappingFactory - Using org.eclipse.m2e.jdt.JarLifecycleMapping lifecycle mapping for MavenProject: com.synex:TravelGig:0.0.1-SNAPSHOT @ /Users/joel_arias/Desktop/SynergesticIT/Training/Second/SpringBoot/SpringBoot/Assigments/TravelGigSecurity/pom.xml.
2025-04-22 11:35:27,990 [Worker-114: Building] WARN  o.e.m.c.i.embedder.EclipseLogger - The artifact mysql:mysql-connector-java:jar:8.0.33 has been relocated to com.mysql:mysql-connector-j:jar:8.0.33: MySQL Connector/J artifacts moved to reverse-DNS compliant Maven 2+ coordinates.
2025-04-22 11:35:28,539 [Worker-114: Building] INFO  o.a.m.s.f.DefaultMavenResourcesFiltering - Copying 1 resource
2025-04-22 11:35:28,555 [Worker-114: Building] INFO  o.a.m.s.f.DefaultMavenResourcesFiltering - Copying 0 resource
2025-04-22 11:35:28,565 [Worker-114: Building] INFO  o.a.m.s.f.DefaultMavenResourcesFiltering - skip non existing resourceDirectory /Users/joel_arias/Desktop/SynergesticIT/Training/Second/SpringBoot/SpringBoot/Assigments/TravelGigSecurity/src/test/resources
2025-04-22 11:35:31,405 [Worker-112: Building] INFO  o.a.m.s.f.DefaultMavenResourcesFiltering - Copying 1 resource
2025-04-22 11:35:31,420 [Worker-112: Building] INFO  o.a.m.s.f.DefaultMavenResourcesFiltering - Copying 0 resource
2025-04-22 11:35:31,430 [Worker-112: Building] INFO  o.a.m.s.f.DefaultMavenResourcesFiltering - skip non existing resourceDirectory /Users/joel_arias/Desktop/SynergesticIT/Training/Second/SpringBoot/SpringBoot/Assigments/TravelGigSecurity/src/test/resources
2025-04-22 11:36:32,987 [Worker-108: Building] INFO  o.e.m.c.i.l.LifecycleMappingFactory - Using org.eclipse.m2e.jdt.JarLifecycleMapping lifecycle mapping for MavenProject: com.synex:TravelGig:0.0.1-SNAPSHOT @ /Users/joel_arias/Desktop/SynergesticIT/Training/Second/SpringBoot/SpringBoot/Assigments/SecurityLoginWith2Buttons/pom.xml.
2025-04-22 11:36:33,359 [Worker-108: Building] WARN  o.e.m.c.i.embedder.EclipseLogger - The artifact mysql:mysql-connector-java:jar:8.0.33 has been relocated to com.mysql:mysql-connector-j:jar:8.0.33: MySQL Connector/J artifacts moved to reverse-DNS compliant Maven 2+ coordinates.
2025-04-22 11:36:35,571 [Worker-108: Building] INFO  o.a.m.s.f.DefaultMavenResourcesFiltering - Copying 1 resource
2025-04-22 11:36:35,646 [Worker-108: Building] INFO  o.a.m.s.f.DefaultMavenResourcesFiltering - Copying 0 resource
2025-04-22 11:36:35,680 [Worker-108: Building] INFO  o.a.m.s.f.DefaultMavenResourcesFiltering - skip non existing resourceDirectory /Users/joel_arias/Desktop/SynergesticIT/Training/Second/SpringBoot/SpringBoot/Assigments/SecurityLoginWith2Buttons/src/test/resources
2025-04-22 11:36:37,003 [Worker-109: Building] INFO  o.a.m.s.f.DefaultMavenResourcesFiltering - Copying 1 resource
2025-04-22 11:36:37,009 [Worker-109: Building] INFO  o.a.m.s.f.DefaultMavenResourcesFiltering - Copying 0 resource
2025-04-22 11:36:37,013 [Worker-109: Building] INFO  o.a.m.s.f.DefaultMavenResourcesFiltering - skip non existing resourceDirectory /Users/joel_arias/Desktop/SynergesticIT/Training/Second/SpringBoot/SpringBoot/Assigments/SecurityLoginWith2Buttons/src/test/resources
2025-04-23 13:49:50,377 [Worker-7: Loading available Gradle versions] INFO  o.e.b.c.i.u.g.PublishedGradleVersions - Gradle version information cache is out-of-date. Trying to update.
2025-04-26 01:37:45,924 [Worker-7: Loading available Gradle versions] INFO  o.e.b.c.i.u.g.PublishedGradleVersions - Gradle version information cache is out-of-date. Trying to update.
2025-04-26 01:39:14,962 [Worker-7: Building] INFO  o.a.m.s.f.DefaultMavenResourcesFiltering - Copying 1 resource from src/main/resources to target/classes
2025-04-26 01:39:14,988 [Worker-7: Building] INFO  o.a.m.s.f.DefaultMavenResourcesFiltering - Copying 0 resource from src/main/resources to target/classes
2025-04-26 01:39:14,997 [Worker-7: Building] INFO  o.a.m.s.f.DefaultMavenResourcesFiltering - skip non existing resourceDirectory /Users/joel_arias/Desktop/SynergesticIT/Training/Second/SpringBoot/SpringBoot/Assigments/ArticleService/src/test/resources
2025-04-26 01:39:16,767 [Worker-7: Building] INFO  o.a.m.s.f.DefaultMavenResourcesFiltering - Copying 1 resource from src/main/resources to target/classes
2025-04-26 01:39:16,781 [Worker-7: Building] INFO  o.a.m.s.f.DefaultMavenResourcesFiltering - Copying 1 resource from src/main/resources to target/classes
2025-04-26 01:39:16,799 [Worker-7: Building] INFO  o.a.m.s.f.DefaultMavenResourcesFiltering - skip non existing resourceDirectory /Users/joel_arias/Desktop/SynergesticIT/Training/Second/SpringBoot/SpringBoot/Assigments/Assesment1Student/src/test/resources
2025-04-26 01:39:19,383 [Worker-7: Building] INFO  o.e.m.c.i.l.LifecycleMappingFactory - Using org.eclipse.m2e.jdt.JarLifecycleMapping lifecycle mapping for MavenProject: com.booking:BookingAPI:0.0.1-SNAPSHOT @ /Users/joel_arias/Desktop/SynergesticIT/Training/Second/SpringBoot/SpringBoot/Classes/BookingMicroservice/pom.xml.
2025-04-26 01:39:20,643 [Worker-7: Building] INFO  o.a.m.s.f.DefaultMavenResourcesFiltering - Copying 1 resource from src/main/resources to target/classes
2025-04-26 01:39:20,666 [Worker-7: Building] INFO  o.a.m.s.f.DefaultMavenResourcesFiltering - Copying 1 resource from src/main/resources to target/classes
2025-04-26 01:39:20,676 [Worker-7: Building] INFO  o.a.m.s.f.DefaultMavenResourcesFiltering - skip non existing resourceDirectory /Users/joel_arias/Desktop/SynergesticIT/Training/Second/SpringBoot/SpringBoot/Classes/BookingMicroservice/src/test/resources
2025-04-26 01:39:23,365 [Worker-7: Download sources and javadoc] INFO  o.e.m.c.i.e.AbstractTransferListenerAdapter - Downloaded https://repo.maven.apache.org/maven2/com/itextpdf/font-asian/7.2.5/font-asian-7.2.5-javadoc.jar
2025-04-26 01:39:23,663 [Worker-10: Building] INFO  o.a.m.s.f.DefaultMavenResourcesFiltering - Copying 1 resource from src/main/resources to target/classes
2025-04-26 01:39:23,509 [Worker-7: Download sources and javadoc] ERROR o.e.m.j.internal.DownloadSourcesJob - Could not download javadoc for com.itextpdf:font-asian:7.2.5
org.eclipse.core.runtime.CoreException: Could not resolve artifact com.itextpdf:font-asian:jar:javadoc:7.2.5
	at org.eclipse.m2e.core.internal.embedder.MavenImpl.lambda$7(MavenImpl.java:540)
	at org.eclipse.m2e.core.internal.embedder.MavenExecutionContext.executeBare(MavenExecutionContext.java:458)
	at org.eclipse.m2e.core.internal.embedder.MavenExecutionContext.execute(MavenExecutionContext.java:292)
	at org.eclipse.m2e.core.internal.embedder.MavenExecutionContext.execute(MavenExecutionContext.java:278)
	at org.eclipse.m2e.core.internal.embedder.MavenImpl.resolve(MavenImpl.java:509)
	at org.eclipse.m2e.core.internal.embedder.MavenImpl.resolve(MavenImpl.java:494)
	at org.eclipse.m2e.jdt.internal.DownloadSourcesJob.download(DownloadSourcesJob.java:308)
	at org.eclipse.m2e.jdt.internal.DownloadSourcesJob.downloadAttachments(DownloadSourcesJob.java:294)
	at org.eclipse.m2e.jdt.internal.DownloadSourcesJob.downloadMaven(DownloadSourcesJob.java:252)
	at org.eclipse.m2e.jdt.internal.DownloadSourcesJob.downloadFilesAndPopulateToUpdate(DownloadSourcesJob.java:220)
	at org.eclipse.m2e.jdt.internal.DownloadSourcesJob.lambda$0(DownloadSourcesJob.java:149)
	at org.eclipse.m2e.core.internal.embedder.MavenExecutionContext.executeBare(MavenExecutionContext.java:458)
	at org.eclipse.m2e.core.internal.embedder.MavenExecutionContext.execute(MavenExecutionContext.java:339)
	at org.eclipse.m2e.core.internal.embedder.MavenExecutionContext.execute(MavenExecutionContext.java:278)
	at org.eclipse.m2e.core.embedder.IMaven.execute(IMaven.java:300)
	at org.eclipse.m2e.jdt.internal.DownloadSourcesJob.run(DownloadSourcesJob.java:149)
	at org.eclipse.core.internal.jobs.Worker.run(Worker.java:63)
2025-04-26 01:39:23,720 [Worker-10: Building] INFO  o.a.m.s.f.DefaultMavenResourcesFiltering - Copying 1 resource from src/main/resources to target/classes
2025-04-26 01:39:23,747 [Worker-10: Building] INFO  o.a.m.s.f.DefaultMavenResourcesFiltering - skip non existing resourceDirectory /Users/joel_arias/Desktop/SynergesticIT/Training/Second/SpringBoot/SpringBoot/Classes/BookingMicroservice/src/test/resources
2025-04-26 01:39:24,174 [Worker-7: Download sources and javadoc] INFO  o.e.m.c.i.e.AbstractTransferListenerAdapter - Downloaded https://repo.maven.apache.org/maven2/com/itextpdf/hyph/7.2.5/hyph-7.2.5-javadoc.jar
2025-04-26 01:39:24,182 [Worker-7: Download sources and javadoc] ERROR o.e.m.j.internal.DownloadSourcesJob - Could not download javadoc for com.itextpdf:hyph:7.2.5
org.eclipse.core.runtime.CoreException: Could not resolve artifact com.itextpdf:hyph:jar:javadoc:7.2.5
	at org.eclipse.m2e.core.internal.embedder.MavenImpl.lambda$7(MavenImpl.java:540)
	at org.eclipse.m2e.core.internal.embedder.MavenExecutionContext.executeBare(MavenExecutionContext.java:458)
	at org.eclipse.m2e.core.internal.embedder.MavenExecutionContext.execute(MavenExecutionContext.java:292)
	at org.eclipse.m2e.core.internal.embedder.MavenExecutionContext.execute(MavenExecutionContext.java:278)
	at org.eclipse.m2e.core.internal.embedder.MavenImpl.resolve(MavenImpl.java:509)
	at org.eclipse.m2e.core.internal.embedder.MavenImpl.resolve(MavenImpl.java:494)
	at org.eclipse.m2e.jdt.internal.DownloadSourcesJob.download(DownloadSourcesJob.java:308)
	at org.eclipse.m2e.jdt.internal.DownloadSourcesJob.downloadAttachments(DownloadSourcesJob.java:294)
	at org.eclipse.m2e.jdt.internal.DownloadSourcesJob.downloadMaven(DownloadSourcesJob.java:252)
	at org.eclipse.m2e.jdt.internal.DownloadSourcesJob.downloadFilesAndPopulateToUpdate(DownloadSourcesJob.java:220)
	at org.eclipse.m2e.jdt.internal.DownloadSourcesJob.lambda$0(DownloadSourcesJob.java:149)
	at org.eclipse.m2e.core.internal.embedder.MavenExecutionContext.executeBare(MavenExecutionContext.java:458)
	at org.eclipse.m2e.core.internal.embedder.MavenExecutionContext.execute(MavenExecutionContext.java:339)
	at org.eclipse.m2e.core.internal.embedder.MavenExecutionContext.execute(MavenExecutionContext.java:278)
	at org.eclipse.m2e.core.embedder.IMaven.execute(IMaven.java:300)
	at org.eclipse.m2e.jdt.internal.DownloadSourcesJob.run(DownloadSourcesJob.java:149)
	at org.eclipse.core.internal.jobs.Worker.run(Worker.java:63)
2025-04-26 01:39:25,611 [Worker-10: Building] INFO  o.a.m.s.f.DefaultMavenResourcesFiltering - Copying 1 resource from src/main/resources to target/classes
2025-04-26 01:39:25,643 [Worker-10: Building] INFO  o.a.m.s.f.DefaultMavenResourcesFiltering - Copying 0 resource from src/main/resources to target/classes
2025-04-26 01:39:25,671 [Worker-10: Building] INFO  o.a.m.s.f.DefaultMavenResourcesFiltering - skip non existing resourceDirectory /Users/joel_arias/Desktop/SynergesticIT/Training/Second/SpringBoot/SpringBoot/Assigments/HotelMicroservice/src/test/resources
2025-04-26 01:39:27,321 [Worker-10: Building] INFO  o.a.m.s.f.DefaultMavenResourcesFiltering - Copying 1 resource from src/main/resources to target/classes
2025-04-26 01:39:27,334 [Worker-10: Building] INFO  o.a.m.s.f.DefaultMavenResourcesFiltering - Copying 4 resources from src/main/resources to target/classes
2025-04-26 01:39:27,350 [Worker-10: Building] INFO  o.a.m.s.f.DefaultMavenResourcesFiltering - skip non existing resourceDirectory /Users/joel_arias/Desktop/SynergesticIT/Training/Second/SpringBoot/SpringBoot/Assigments/PersonInternationalizatioJSP/src/test/resources
2025-04-26 01:39:30,505 [Worker-10: Building] WARN  o.e.m.c.i.embedder.EclipseLogger - The artifact mysql:mysql-connector-java:jar:8.0.33 has been relocated to com.mysql:mysql-connector-j:jar:8.0.33: MySQL Connector/J artifacts moved to reverse-DNS compliant Maven 2+ coordinates.
2025-04-26 01:39:30,835 [Worker-10: Building] INFO  o.a.m.s.f.DefaultMavenResourcesFiltering - Copying 1 resource
2025-04-26 01:39:30,851 [Worker-10: Building] INFO  o.a.m.s.f.DefaultMavenResourcesFiltering - Copying 0 resource
2025-04-26 01:39:30,859 [Worker-10: Building] INFO  o.a.m.s.f.DefaultMavenResourcesFiltering - skip non existing resourceDirectory /Users/joel_arias/Desktop/SynergesticIT/Training/Second/SpringBoot/SpringBoot/Assigments/SecurityLoginWith2Buttons/src/test/resources
2025-04-26 01:39:31,251 [Worker-5: Building] INFO  o.a.m.s.f.DefaultMavenResourcesFiltering - Copying 0 resource from src/main/resources to target/classes
2025-04-26 01:39:31,253 [Worker-5: Building] INFO  o.a.m.s.f.DefaultMavenResourcesFiltering - Copying 0 resource from src/main/resources to target/classes
2025-04-26 01:39:31,257 [Worker-5: Building] INFO  o.a.m.s.f.DefaultMavenResourcesFiltering - skip non existing resourceDirectory /Users/joel_arias/Desktop/SynergesticIT/Training/Second/SpringBoot/SpringBoot/Assigments/PersonInternationalizatioJSP/src/test/resources
2025-04-26 01:39:31,956 [Worker-0: Building] INFO  o.a.m.s.f.DefaultMavenResourcesFiltering - Copying 0 resource from src/main/resources to target/classes
2025-04-26 01:39:31,958 [Worker-0: Building] INFO  o.a.m.s.f.DefaultMavenResourcesFiltering - Copying 0 resource from src/main/resources to target/classes
2025-04-26 01:39:31,964 [Worker-0: Building] INFO  o.a.m.s.f.DefaultMavenResourcesFiltering - skip non existing resourceDirectory /Users/joel_arias/Desktop/SynergesticIT/Training/Second/SpringBoot/SpringBoot/Assigments/PersonInternationalizatioJSP/src/test/resources
2025-04-26 01:39:32,847 [Worker-0: Building] INFO  o.a.m.s.f.DefaultMavenResourcesFiltering - Copying 1 resource from src/main/resources to target/classes
2025-04-26 01:39:32,858 [Worker-0: Building] INFO  o.a.m.s.f.DefaultMavenResourcesFiltering - Copying 1 resource from src/main/resources to target/classes
2025-04-26 01:39:32,871 [Worker-0: Building] INFO  o.a.m.s.f.DefaultMavenResourcesFiltering - skip non existing resourceDirectory /Users/joel_arias/Desktop/SynergesticIT/Training/Second/SpringBoot/SpringBoot/Assigments/TravelGig/src/test/resources
2025-04-26 01:39:33,450 [Worker-0: Building] INFO  o.a.m.s.f.DefaultMavenResourcesFiltering - Copying 1 resource
2025-04-26 01:39:33,464 [Worker-0: Building] INFO  o.a.m.s.f.DefaultMavenResourcesFiltering - Copying 0 resource
2025-04-26 01:39:33,468 [Worker-0: Building] INFO  o.a.m.s.f.DefaultMavenResourcesFiltering - skip non existing resourceDirectory /Users/joel_arias/Desktop/SynergesticIT/Training/Second/SpringBoot/SpringBoot/Assigments/TravelGigJSPAssesment/src/test/resources
2025-04-26 01:39:35,055 [Worker-2: Building] INFO  o.a.m.s.f.DefaultMavenResourcesFiltering - Copying 0 resource from src/main/resources to target/classes
2025-04-26 01:39:35,056 [Worker-2: Building] INFO  o.a.m.s.f.DefaultMavenResourcesFiltering - Copying 0 resource from src/main/resources to target/classes
2025-04-26 01:39:35,060 [Worker-2: Building] INFO  o.a.m.s.f.DefaultMavenResourcesFiltering - skip non existing resourceDirectory /Users/joel_arias/Desktop/SynergesticIT/Training/Second/SpringBoot/SpringBoot/Assigments/PersonInternationalizatioJSP/src/test/resources
2025-04-26 01:39:39,157 [Worker-17: Building] INFO  o.a.m.s.f.DefaultMavenResourcesFiltering - Copying 0 resource from src/main/resources to target/classes
2025-04-26 01:39:39,159 [Worker-17: Building] INFO  o.a.m.s.f.DefaultMavenResourcesFiltering - Copying 0 resource from src/main/resources to target/classes
2025-04-26 01:39:39,163 [Worker-17: Building] INFO  o.a.m.s.f.DefaultMavenResourcesFiltering - skip non existing resourceDirectory /Users/joel_arias/Desktop/SynergesticIT/Training/Second/SpringBoot/SpringBoot/Classes/BookingMicroservice/src/test/resources
2025-04-26 01:39:52,628 [Worker-10: Building] INFO  o.a.m.s.f.DefaultMavenResourcesFiltering - Copying 0 resource from src/main/resources to target/classes
2025-04-26 01:39:52,633 [Worker-10: Building] INFO  o.a.m.s.f.DefaultMavenResourcesFiltering - Copying 0 resource from src/main/resources to target/classes
2025-04-26 01:39:52,640 [Worker-10: Building] INFO  o.a.m.s.f.DefaultMavenResourcesFiltering - skip non existing resourceDirectory /Users/joel_arias/Desktop/SynergesticIT/Training/Second/SpringBoot/SpringBoot/Classes/BookingMicroservice/src/test/resources
2025-04-26 01:39:52,994 [Worker-5: Building] INFO  o.a.m.s.f.DefaultMavenResourcesFiltering - Copying 0 resource
2025-04-26 01:39:52,996 [Worker-5: Building] INFO  o.a.m.s.f.DefaultMavenResourcesFiltering - Copying 0 resource
2025-04-26 01:39:53,016 [Worker-5: Building] INFO  o.a.m.s.f.DefaultMavenResourcesFiltering - skip non existing resourceDirectory /Users/joel_arias/Desktop/SynergesticIT/Training/Second/SpringBoot/SpringBoot/Assigments/SecurityLoginWith2Buttons/src/test/resources
2025-04-26 01:39:53,147 [Worker-9: Building] INFO  o.a.m.s.f.DefaultMavenResourcesFiltering - Copying 0 resource
2025-04-26 01:39:53,148 [Worker-9: Building] INFO  o.a.m.s.f.DefaultMavenResourcesFiltering - Copying 0 resource
2025-04-26 01:39:53,153 [Worker-9: Building] INFO  o.a.m.s.f.DefaultMavenResourcesFiltering - skip non existing resourceDirectory /Users/joel_arias/Desktop/SynergesticIT/Training/Second/SpringBoot/SpringBoot/Assigments/SecurityLoginWith2Buttons/src/test/resources
2025-04-26 01:39:54,210 [Worker-4: Building] INFO  o.a.m.s.f.DefaultMavenResourcesFiltering - Copying 0 resource from src/main/resources to target/classes
2025-04-26 01:39:54,212 [Worker-4: Building] INFO  o.a.m.s.f.DefaultMavenResourcesFiltering - Copying 0 resource from src/main/resources to target/classes
2025-04-26 01:39:54,216 [Worker-4: Building] INFO  o.a.m.s.f.DefaultMavenResourcesFiltering - skip non existing resourceDirectory /Users/joel_arias/Desktop/SynergesticIT/Training/Second/SpringBoot/SpringBoot/Classes/BookingMicroservice/src/test/resources
2025-04-26 01:39:57,465 [Worker-0: Building] INFO  o.a.m.s.f.DefaultMavenResourcesFiltering - Copying 0 resource from src/main/resources to target/classes
2025-04-26 01:39:57,466 [Worker-0: Building] INFO  o.a.m.s.f.DefaultMavenResourcesFiltering - Copying 0 resource from src/main/resources to target/classes
2025-04-26 01:39:57,475 [Worker-0: Building] INFO  o.a.m.s.f.DefaultMavenResourcesFiltering - skip non existing resourceDirectory /Users/joel_arias/Desktop/SynergesticIT/Training/Second/SpringBoot/SpringBoot/Classes/BookingMicroservice/src/test/resources
